==5357== Memcheck, a memory error detector
==5357== Copyright (C) 2002-2022, and GNU GPL'd, by Julian Seward et al.
==5357== Using Valgrind-3.22.0 and LibVEX; rerun with -h for copyright info
==5357== Command: python3 tests/valgrind_check.py
==5357== 
==5357== 
==5357== HEAP SUMMARY:
==5357==     in use at exit: 499,520 bytes in 65 blocks
==5357==   total heap usage: 33,057 allocs, 32,992 frees, 36,845,779 bytes allocated
==5357== 
==5357== 8 bytes in 1 blocks are still reachable in loss record 1 of 32
==5357==    at 0x4846FA3: operator new(unsigned long) (in /usr/libexec/valgrind/vgpreload_memcheck-amd64-linux.so)
==5357==    by 0x661C00E: pybind11::detail::internals_pp_manager<pybind11::detail::internals>::get_or_create_pp_in_state_dict() (internals.h:584)
==5357==    by 0x6619CEA: get_pp (internals.h:529)
==5357==    by 0x6619CEA: pybind11::detail::get_internals() (internals.h:635)
==5357==    by 0x660891F: PyInit__nx_cpp (_core.cpp:693)
==5357==    by 0x6A8B30: ??? (in /usr/bin/python3.12)
==5357==    by 0x6A8281: ??? (in /usr/bin/python3.12)
==5357==    by 0x581B06: ??? (in /usr/bin/python3.12)
==5357==    by 0x5DAA8F: _PyEval_EvalFrameDefault (in /usr/bin/python3.12)
==5357==    by 0x54A0C6: ??? (in /usr/bin/python3.12)
==5357==    by 0x54B952: PyObject_CallMethodObjArgs (in /usr/bin/python3.12)
==5357==    by 0x5FD194: PyImport_ImportModuleLevelObject (in /usr/bin/python3.12)
==5357==    by 0x5DB97F: _PyEval_EvalFrameDefault (in /usr/bin/python3.12)
==5357== 
==5357== 8 bytes in 1 blocks are still reachable in loss record 2 of 32
==5357==    at 0x4846FA3: operator new(unsigned long) (in /usr/libexec/valgrind/vgpreload_memcheck-amd64-linux.so)
==5357==    by 0x661C53E: pybind11::detail::internals_pp_manager<pybind11::detail::local_internals>::get_or_create_pp_in_state_dict() (internals.h:584)
==5357==    by 0x661CA06: get_pp (internals.h:529)
==5357==    by 0x661CA06: pybind11::detail::get_local_internals() (internals.h:665)
==5357==    by 0x6621EE9: get_function_record_PyTypeObject (function_record_pyobject.h:94)
==5357==    by 0x6621EE9: function_record_PyObject_New (function_record_pyobject.h:134)
==5357==    by 0x6621EE9: pybind11::cpp_function::initialize_generic(std::unique_ptr<pybind11::detail::function_record, pybind11::cpp_function::InitializingFunctionRecordDeleter>&&, char const*, std::type_info const* const*, unsigned long) (pybind11.h:634)
==5357==    by 0x660D04A: initialize<pybind11::object (*&)(pybind11::handle, const pybind11::bytes&, const pybind11::capsule&, const pybind11::bytes&), pybind11::object, pybind11::handle, const pybind11::bytes&, const pybind11::capsule&, const pybind11::bytes&, pybind11::name, pybind11::is_method, pybind11::sibling> (pybind11.h:490)
==5357==    by 0x660D04A: cpp_function<pybind11::object, pybind11::handle, const pybind11::bytes&, const pybind11::capsule&, const pybind11::bytes&, pybind11::name, pybind11::is_method, pybind11::sibling> (pybind11.h:265)
==5357==    by 0x660D04A: def<pybind11::object (&)(pybind11::handle, const pybind11::bytes&, const pybind11::capsule&, const pybind11::bytes&)> (pybind11.h:2161)
==5357==    by 0x660D04A: class_<> (pybind11.h:2146)
==5357==    by 0x660D04A: pybind11_init__nx_cpp(pybind11::module_&) (_core.cpp:694)
==5357==    by 0x660FA54: pybind11_exec__nx_cpp(_object*) (_core.cpp:693)
==5357==    by 0x58263E: PyModule_ExecDef (in /usr/bin/python3.12)
==5357==    by 0x5FCD23: ??? (in /usr/bin/python3.12)
==5357==    by 0x581981: ??? (in /usr/bin/python3.12)
==5357==    by 0x5DAA8F: _PyEval_EvalFrameDefault (in /usr/bin/python3.12)
==5357==    by 0x54A0C6: ??? (in /usr/bin/python3.12)
==5357==    by 0x54B952: PyObject_CallMethodObjArgs (in /usr/bin/python3.12)
==5357== 
==5357== 16 bytes in 1 blocks are still reachable in loss record 3 of 32
==5357==    at 0x4846FA3: operator new(unsigned long) (in /usr/libexec/valgrind/vgpreload_memcheck-amd64-linux.so)
==5357==    by 0x661D887: allocate (new_allocator.h:151)
==5357==    by 0x661D887: allocate (alloc_traits.h:482)
==5357==    by 0x661D887: _M_get_node (forward_list.h:360)
==5357==    by 0x661D887: _M_create_node<void (*)(std::__exception_ptr::exception_ptr)> (forward_list.h:368)
==5357==    by 0x661D887: _M_insert_after<void (*)(std::__exception_ptr::exception_ptr)> (forward_list.tcc:55)
==5357==    by 0x661D887: push_front (forward_list.h:887)
==5357==    by 0x661D887: pybind11::detail::internals::internals() (internals.h:276)
==5357==    by 0x6619BDD: pybind11::detail::get_internals() (internals.h:640)
==5357==    by 0x660891F: PyInit__nx_cpp (_core.cpp:693)
==5357==    by 0x6A8B30: ??? (in /usr/bin/python3.12)
==5357==    by 0x6A8281: ??? (in /usr/bin/python3.12)
==5357==    by 0x581B06: ??? (in /usr/bin/python3.12)
==5357==    by 0x5DAA8F: _PyEval_EvalFrameDefault (in /usr/bin/python3.12)
==5357==    by 0x54A0C6: ??? (in /usr/bin/python3.12)
==5357==    by 0x54B952: PyObject_CallMethodObjArgs (in /usr/bin/python3.12)
==5357==    by 0x5FD194: PyImport_ImportModuleLevelObject (in /usr/bin/python3.12)
==5357==    by 0x5DB97F: _PyEval_EvalFrameDefault (in /usr/bin/python3.12)
==5357== 
==5357== 31 bytes in 1 blocks are still reachable in loss record 4 of 32
==5357==    at 0x4846FA3: operator new(unsigned long) (in /usr/libexec/valgrind/vgpreload_memcheck-amd64-linux.so)
==5357==    by 0x67A770E: std::__cxx11::basic_string<char, std::char_traits<char>, std::allocator<char> >::_M_mutate(unsigned long, unsigned long, char const*, unsigned long) (in /usr/lib/x86_64-linux-gnu/libstdc++.so.6.0.33)
==5357==    by 0x67A904F: std::__cxx11::basic_string<char, std::char_traits<char>, std::allocator<char> >::_M_append(char const*, unsigned long) (in /usr/lib/x86_64-linux-gnu/libstdc++.so.6.0.33)
==5357==    by 0x6620035: operator+<char, std::char_traits<char>, std::allocator<char> > (basic_string.h:3690)
==5357==    by 0x6620035: pybind11::detail::make_new_python_type(pybind11::detail::type_record const&) (class.h:727)
==5357==    by 0x66272DC: pybind11::detail::generic_type::initialize(pybind11::detail::type_record const&) (pybind11.h:1618)
==5357==    by 0x660CF5C: class_<> (pybind11.h:2136)
==5357==    by 0x660CF5C: pybind11_init__nx_cpp(pybind11::module_&) (_core.cpp:694)
==5357==    by 0x660FA54: pybind11_exec__nx_cpp(_object*) (_core.cpp:693)
==5357==    by 0x58263E: PyModule_ExecDef (in /usr/bin/python3.12)
==5357==    by 0x5FCD23: ??? (in /usr/bin/python3.12)
==5357==    by 0x581981: ??? (in /usr/bin/python3.12)
==5357==    by 0x5DAA8F: _PyEval_EvalFrameDefault (in /usr/bin/python3.12)
==5357==    by 0x54A0C6: ??? (in /usr/bin/python3.12)
==5357== 
==5357== 32 bytes in 1 blocks are still reachable in loss record 5 of 32
==5357==    at 0x4846828: malloc (in /usr/libexec/valgrind/vgpreload_memcheck-amd64-linux.so)
==5357==    by 0x4013BDD: malloc (rtld-malloc.h:56)
==5357==    by 0x4013BDD: allocate_dtv_entry (dl-tls.c:679)
==5357==    by 0x4013BDD: allocate_and_init (dl-tls.c:704)
==5357==    by 0x4013BDD: tls_get_addr_tail (dl-tls.c:904)
==5357==    by 0x401785B: __tls_get_addr (tls_get_addr.S:55)
==5357==    by 0x66F90F3: __cxa_get_globals (in /usr/lib/x86_64-linux-gnu/libstdc++.so.6.0.33)
==5357==    by 0x66F8F9C: std::uncaught_exception() (in /usr/lib/x86_64-linux-gnu/libstdc++.so.6.0.33)
==5357==    by 0x6794F9C: std::ostream::flush() (in /usr/lib/x86_64-linux-gnu/libstdc++.so.6.0.33)
==5357==    by 0x670EA21: std::ios_base::Init::~Init() (in /usr/lib/x86_64-linux-gnu/libstdc++.so.6.0.33)
==5357==    by 0x49D9A75: __run_exit_handlers (exit.c:108)
==5357==    by 0x49D9BBD: exit (exit.c:138)
==5357==    by 0x49BC1D0: (below main) (libc_start_call_main.h:74)
==5357== 
==5357== 40 bytes in 1 blocks are still reachable in loss record 6 of 32
==5357==    at 0x4846FA3: operator new(unsigned long) (in /usr/libexec/valgrind/vgpreload_memcheck-amd64-linux.so)
==5357==    by 0x661FA8F: allocate (new_allocator.h:151)
==5357==    by 0x661FA8F: allocate (alloc_traits.h:482)
==5357==    by 0x661FA8F: _M_get_node (forward_list.h:360)
==5357==    by 0x661FA8F: _M_create_node<std::__cxx11::basic_string<char, std::char_traits<char>, std::allocator<char> > > (forward_list.h:368)
==5357==    by 0x661FA8F: _M_insert_after<std::__cxx11::basic_string<char, std::char_traits<char>, std::allocator<char> > > (forward_list.tcc:55)
==5357==    by 0x661FA8F: emplace_front<std::__cxx11::basic_string<char, std::char_traits<char>, std::allocator<char> > > (forward_list.h:861)
==5357==    by 0x661FA8F: c_str<std::__cxx11::basic_string<char, std::char_traits<char>, std::allocator<char> > > (internals.h:759)
==5357==    by 0x661FA8F: pybind11::detail::make_new_python_type(pybind11::detail::type_record const&) (class.h:725)
==5357==    by 0x66272DC: pybind11::detail::generic_type::initialize(pybind11::detail::type_record const&) (pybind11.h:1618)
==5357==    by 0x660CF5C: class_<> (pybind11.h:2136)
==5357==    by 0x660CF5C: pybind11_init__nx_cpp(pybind11::module_&) (_core.cpp:694)
==5357==    by 0x660FA54: pybind11_exec__nx_cpp(_object*) (_core.cpp:693)
==5357==    by 0x58263E: PyModule_ExecDef (in /usr/bin/python3.12)
==5357==    by 0x5FCD23: ??? (in /usr/bin/python3.12)
==5357==    by 0x581981: ??? (in /usr/bin/python3.12)
==5357==    by 0x5DAA8F: _PyEval_EvalFrameDefault (in /usr/bin/python3.12)
==5357==    by 0x54A0C6: ??? (in /usr/bin/python3.12)
==5357==    by 0x54B952: PyObject_CallMethodObjArgs (in /usr/bin/python3.12)
==5357==    by 0x5FD194: PyImport_ImportModuleLevelObject (in /usr/bin/python3.12)
==5357== 
==5357== 72 bytes in 1 blocks are still reachable in loss record 7 of 32
==5357==    at 0x4846FA3: operator new(unsigned long) (in /usr/libexec/valgrind/vgpreload_memcheck-amd64-linux.so)
==5357==    by 0x661C96E: pybind11::detail::get_local_internals() (internals.h:667)
==5357==    by 0x6621EE9: get_function_record_PyTypeObject (function_record_pyobject.h:94)
==5357==    by 0x6621EE9: function_record_PyObject_New (function_record_pyobject.h:134)
==5357==    by 0x6621EE9: pybind11::cpp_function::initialize_generic(std::unique_ptr<pybind11::detail::function_record, pybind11::cpp_function::InitializingFunctionRecordDeleter>&&, char const*, std::type_info const* const*, unsigned long) (pybind11.h:634)
==5357==    by 0x660D04A: initialize<pybind11::object (*&)(pybind11::handle, const pybind11::bytes&, const pybind11::capsule&, const pybind11::bytes&), pybind11::object, pybind11::handle, const pybind11::bytes&, const pybind11::capsule&, const pybind11::bytes&, pybind11::name, pybind11::is_method, pybind11::sibling> (pybind11.h:490)
==5357==    by 0x660D04A: cpp_function<pybind11::object, pybind11::handle, const pybind11::bytes&, const pybind11::capsule&, const pybind11::bytes&, pybind11::name, pybind11::is_method, pybind11::sibling> (pybind11.h:265)
==5357==    by 0x660D04A: def<pybind11::object (&)(pybind11::handle, const pybind11::bytes&, const pybind11::capsule&, const pybind11::bytes&)> (pybind11.h:2161)
==5357==    by 0x660D04A: class_<> (pybind11.h:2146)
==5357==    by 0x660D04A: pybind11_init__nx_cpp(pybind11::module_&) (_core.cpp:694)
==5357==    by 0x660FA54: pybind11_exec__nx_cpp(_object*) (_core.cpp:693)
==5357==    by 0x58263E: PyModule_ExecDef (in /usr/bin/python3.12)
==5357==    by 0x5FCD23: ??? (in /usr/bin/python3.12)
==5357==    by 0x581981: ??? (in /usr/bin/python3.12)
==5357==    by 0x5DAA8F: _PyEval_EvalFrameDefault (in /usr/bin/python3.12)
==5357==    by 0x54A0C6: ??? (in /usr/bin/python3.12)
==5357==    by 0x54B952: PyObject_CallMethodObjArgs (in /usr/bin/python3.12)
==5357==    by 0x5FD194: PyImport_ImportModuleLevelObject (in /usr/bin/python3.12)
==5357== 
==5357== 104 bytes in 1 blocks are still reachable in loss record 8 of 32
==5357==    at 0x4846FA3: operator new(unsigned long) (in /usr/libexec/valgrind/vgpreload_memcheck-amd64-linux.so)
==5357==    by 0x6625971: allocate (new_allocator.h:151)
==5357==    by 0x6625971: allocate (alloc_traits.h:482)
==5357==    by 0x6625971: _M_allocate_buckets (hashtable_policy.h:2044)
==5357==    by 0x6625971: _M_allocate_buckets (hashtable.h:442)
==5357==    by 0x6625971: _M_rehash_aux (hashtable.h:2586)
==5357==    by 0x6625971: std::_Hashtable<std::type_index, std::pair<std::type_index const, std::vector<bool (*)(_object*, void*&), std::allocator<bool (*)(_object*, void*&)> > >, std::allocator<std::pair<std::type_index const, std::vector<bool (*)(_object*, void*&), std::allocator<bool (*)(_object*, void*&)> > > >, std::__detail::_Select1st, std::equal_to<std::type_index>, std::hash<std::type_index>, std::__detail::_Mod_range_hashing, std::__detail::_Default_ranged_hash, std::__detail::_Prime_rehash_policy, std::__detail::_Hashtable_traits<false, false, true> >::_M_rehash(unsigned long, unsigned long const&) (hashtable.h:2565)
==5357==    by 0x6625BFC: _M_insert_unique_node (hashtable.h:2179)
==5357==    by 0x6625BFC: std::__detail::_Map_base<std::type_index, std::pair<std::type_index const, std::vector<bool (*)(_object*, void*&), std::allocator<bool (*)(_object*, void*&)> > >, std::allocator<std::pair<std::type_index const, std::vector<bool (*)(_object*, void*&), std::allocator<bool (*)(_object*, void*&)> > > >, std::__detail::_Select1st, std::equal_to<std::type_index>, std::hash<std::type_index>, std::__detail::_Mod_range_hashing, std::__detail::_Default_ranged_hash, std::__detail::_Prime_rehash_policy, std::__detail::_Hashtable_traits<false, false, true>, true>::operator[](std::type_index const&) (hashtable_policy.h:825)
==5357==    by 0x6627398: operator[] (unordered_map.h:987)
==5357==    by 0x6627398: operator() (pybind11.h:1638)
==5357==    by 0x6627398: with_internals<pybind11::detail::generic_type::initialize(const pybind11::detail::type_record&)::<lambda(pybind11::detail::internals&)> > (internals.h:682)
==5357==    by 0x6627398: pybind11::detail::generic_type::initialize(pybind11::detail::type_record const&) (pybind11.h:1636)
==5357==    by 0x660CF5C: class_<> (pybind11.h:2136)
==5357==    by 0x660CF5C: pybind11_init__nx_cpp(pybind11::module_&) (_core.cpp:694)
==5357==    by 0x660FA54: pybind11_exec__nx_cpp(_object*) (_core.cpp:693)
==5357==    by 0x58263E: PyModule_ExecDef (in /usr/bin/python3.12)
==5357==    by 0x5FCD23: ??? (in /usr/bin/python3.12)
==5357==    by 0x581981: ??? (in /usr/bin/python3.12)
==5357==    by 0x5DAA8F: _PyEval_EvalFrameDefault (in /usr/bin/python3.12)
==5357==    by 0x54A0C6: ??? (in /usr/bin/python3.12)
==5357==    by 0x54B952: PyObject_CallMethodObjArgs (in /usr/bin/python3.12)
==5357== 
==5357== 104 bytes in 1 blocks are still reachable in loss record 9 of 32
==5357==    at 0x4846FA3: operator new(unsigned long) (in /usr/libexec/valgrind/vgpreload_memcheck-amd64-linux.so)
==5357==    by 0x6625D01: allocate (new_allocator.h:151)
==5357==    by 0x6625D01: allocate (alloc_traits.h:482)
==5357==    by 0x6625D01: _M_allocate_buckets (hashtable_policy.h:2044)
==5357==    by 0x6625D01: _M_allocate_buckets (hashtable.h:442)
==5357==    by 0x6625D01: _M_rehash_aux (hashtable.h:2586)
==5357==    by 0x6625D01: std::_Hashtable<std::type_index, std::pair<std::type_index const, pybind11::detail::type_info*>, std::allocator<std::pair<std::type_index const, pybind11::detail::type_info*> >, std::__detail::_Select1st, std::equal_to<std::type_index>, std::hash<std::type_index>, std::__detail::_Mod_range_hashing, std::__detail::_Default_ranged_hash, std::__detail::_Prime_rehash_policy, std::__detail::_Hashtable_traits<false, false, true> >::_M_rehash(unsigned long, unsigned long const&) (hashtable.h:2565)
==5357==    by 0x6625F72: _M_insert_unique_node (hashtable.h:2179)
==5357==    by 0x6625F72: std::__detail::_Map_base<std::type_index, std::pair<std::type_index const, pybind11::detail::type_info*>, std::allocator<std::pair<std::type_index const, pybind11::detail::type_info*> >, std::__detail::_Select1st, std::equal_to<std::type_index>, std::hash<std::type_index>, std::__detail::_Mod_range_hashing, std::__detail::_Default_ranged_hash, std::__detail::_Prime_rehash_policy, std::__detail::_Hashtable_traits<false, false, true>, true>::operator[](std::type_index const&) (hashtable_policy.h:825)
==5357==    by 0x662755A: operator[] (unordered_map.h:987)
==5357==    by 0x662755A: operator() (pybind11.h:1642)
==5357==    by 0x662755A: with_internals<pybind11::detail::generic_type::initialize(const pybind11::detail::type_record&)::<lambda(pybind11::detail::internals&)> > (internals.h:682)
==5357==    by 0x662755A: pybind11::detail::generic_type::initialize(pybind11::detail::type_record const&) (pybind11.h:1636)
==5357==    by 0x660CF5C: class_<> (pybind11.h:2136)
==5357==    by 0x660CF5C: pybind11_init__nx_cpp(pybind11::module_&) (_core.cpp:694)
==5357==    by 0x660FA54: pybind11_exec__nx_cpp(_object*) (_core.cpp:693)
==5357==    by 0x58263E: PyModule_ExecDef (in /usr/bin/python3.12)
==5357==    by 0x5FCD23: ??? (in /usr/bin/python3.12)
==5357==    by 0x581981: ??? (in /usr/bin/python3.12)
==5357==    by 0x5DAA8F: _PyEval_EvalFrameDefault (in /usr/bin/python3.12)
==5357==    by 0x54A0C6: ??? (in /usr/bin/python3.12)
==5357==    by 0x54B952: PyObject_CallMethodObjArgs (in /usr/bin/python3.12)
==5357== 
==5357== 104 bytes in 1 blocks are still reachable in loss record 10 of 32
==5357==    at 0x4846FA3: operator new(unsigned long) (in /usr/libexec/valgrind/vgpreload_memcheck-amd64-linux.so)
==5357==    by 0x662605D: allocate (new_allocator.h:151)
==5357==    by 0x662605D: allocate (alloc_traits.h:482)
==5357==    by 0x662605D: _M_allocate_buckets (hashtable_policy.h:2044)
==5357==    by 0x662605D: _M_allocate_buckets (hashtable.h:442)
==5357==    by 0x662605D: _M_rehash_aux (hashtable.h:2586)
==5357==    by 0x662605D: std::_Hashtable<_typeobject*, std::pair<_typeobject* const, std::vector<pybind11::detail::type_info*, std::allocator<pybind11::detail::type_info*> > >, std::allocator<std::pair<_typeobject* const, std::vector<pybind11::detail::type_info*, std::allocator<pybind11::detail::type_info*> > > >, std::__detail::_Select1st, std::equal_to<_typeobject*>, std::hash<_typeobject*>, std::__detail::_Mod_range_hashing, std::__detail::_Default_ranged_hash, std::__detail::_Prime_rehash_policy, std::__detail::_Hashtable_traits<false, false, true> >::_M_rehash(unsigned long, unsigned long const&) (hashtable.h:2565)
==5357==    by 0x66261FD: std::_Hashtable<_typeobject*, std::pair<_typeobject* const, std::vector<pybind11::detail::type_info*, std::allocator<pybind11::detail::type_info*> > >, std::allocator<std::pair<_typeobject* const, std::vector<pybind11::detail::type_info*, std::allocator<pybind11::detail::type_info*> > > >, std::__detail::_Select1st, std::equal_to<_typeobject*>, std::hash<_typeobject*>, std::__detail::_Mod_range_hashing, std::__detail::_Default_ranged_hash, std::__detail::_Prime_rehash_policy, std::__detail::_Hashtable_traits<false, false, true> >::_M_insert_unique_node(unsigned long, unsigned long, std::__detail::_Hash_node<std::pair<_typeobject* const, std::vector<pybind11::detail::type_info*, std::allocator<pybind11::detail::type_info*> > >, false>*, unsigned long) (hashtable.h:2179)
==5357==    by 0x6626340: std::__detail::_Map_base<_typeobject*, std::pair<_typeobject* const, std::vector<pybind11::detail::type_info*, std::allocator<pybind11::detail::type_info*> > >, std::allocator<std::pair<_typeobject* const, std::vector<pybind11::detail::type_info*, std::allocator<pybind11::detail::type_info*> > > >, std::__detail::_Select1st, std::equal_to<_typeobject*>, std::hash<_typeobject*>, std::__detail::_Mod_range_hashing, std::__detail::_Default_ranged_hash, std::__detail::_Prime_rehash_policy, std::__detail::_Hashtable_traits<false, false, true>, true>::operator[](_typeobject*&&) (hashtable_policy.h:852)
==5357==    by 0x66273DB: operator[] (unordered_map.h:991)
==5357==    by 0x66273DB: operator() (pybind11.h:1653)
==5357==    by 0x66273DB: with_internals<pybind11::detail::generic_type::initialize(const pybind11::detail::type_record&)::<lambda(pybind11::detail::internals&)> > (internals.h:682)
==5357==    by 0x66273DB: pybind11::detail::generic_type::initialize(pybind11::detail::type_record const&) (pybind11.h:1636)
==5357==    by 0x660CF5C: class_<> (pybind11.h:2136)
==5357==    by 0x660CF5C: pybind11_init__nx_cpp(pybind11::module_&) (_core.cpp:694)
==5357==    by 0x660FA54: pybind11_exec__nx_cpp(_object*) (_core.cpp:693)
==5357==    by 0x58263E: PyModule_ExecDef (in /usr/bin/python3.12)
==5357==    by 0x5FCD23: ??? (in /usr/bin/python3.12)
==5357==    by 0x581981: ??? (in /usr/bin/python3.12)
==5357==    by 0x5DAA8F: _PyEval_EvalFrameDefault (in /usr/bin/python3.12)
==5357==    by 0x54A0C6: ??? (in /usr/bin/python3.12)
==5357== 
==5357== 104 bytes in 1 blocks are still reachable in loss record 11 of 32
==5357==    at 0x4846FA3: operator new(unsigned long) (in /usr/libexec/valgrind/vgpreload_memcheck-amd64-linux.so)
==5357==    by 0x662C601: allocate (new_allocator.h:151)
==5357==    by 0x662C601: allocate (alloc_traits.h:482)
==5357==    by 0x662C601: _M_allocate_buckets (hashtable_policy.h:2044)
==5357==    by 0x662C601: _M_allocate_buckets (hashtable.h:442)
==5357==    by 0x662C601: _M_rehash_aux (hashtable.h:2629)
==5357==    by 0x662C601: std::_Hashtable<void const*, std::pair<void const* const, pybind11::detail::instance*>, std::allocator<std::pair<void const* const, pybind11::detail::instance*> >, std::__detail::_Select1st, std::equal_to<void const*>, std::hash<void const*>, std::__detail::_Mod_range_hashing, std::__detail::_Default_ranged_hash, std::__detail::_Prime_rehash_policy, std::__detail::_Hashtable_traits<false, false, false> >::_M_rehash(unsigned long, unsigned long const&) (hashtable.h:2565)
==5357==    by 0x660FCBA: _M_insert_multi_node (hashtable.h:2207)
==5357==    by 0x660FCBA: std::__detail::_Node_iterator<std::pair<void const* const, pybind11::detail::instance*>, false, false> std::_Hashtable<void const*, std::pair<void const* const, pybind11::detail::instance*>, std::allocator<std::pair<void const* const, pybind11::detail::instance*> >, std::__detail::_Select1st, std::equal_to<void const*>, std::hash<void const*>, std::__detail::_Mod_range_hashing, std::__detail::_Default_ranged_hash, std::__detail::_Prime_rehash_policy, std::__detail::_Hashtable_traits<false, false, false> >::_M_emplace<void*&, pybind11::detail::instance*&>(std::__detail::_Node_const_iterator<std::pair<void const* const, pybind11::detail::instance*>, false, false>, std::integral_constant<bool, false>, void*&, pybind11::detail::instance*&) [clone .isra.0] (hashtable.h:2128)
==5357==    by 0x662C8E6: _M_emplace<void*&, pybind11::detail::instance*&> (hashtable.h:868)
==5357==    by 0x662C8E6: emplace<void*&, pybind11::detail::instance*&> (hashtable.h:961)
==5357==    by 0x662C8E6: emplace<void*&, pybind11::detail::instance*&> (unordered_map.h:1535)
==5357==    by 0x662C8E6: operator() (class.h:340)
==5357==    by 0x662C8E6: with_instance_map<pybind11::detail::register_instance_impl(void*, instance*)::<lambda(pybind11::detail::instance_map&)> > (internals.h:727)
==5357==    by 0x662C8E6: register_instance_impl (class.h:340)
==5357==    by 0x662C8E6: register_instance (class.h:357)
==5357==    by 0x662C8E6: void pybind11::class_<Graph>::init_instance<std::unique_ptr<Graph, std::default_delete<Graph> >, 0>(pybind11::detail::instance*, void const*) (pybind11.h:2456)
==5357==    by 0x6628E02: pybind11::cpp_function::dispatcher(_object*, _object*, _object*) (pybind11.h:1237)
==5357==    by 0x581A6E: ??? (in /usr/bin/python3.12)
==5357==    by 0x5492F4: _PyObject_MakeTpCall (in /usr/bin/python3.12)
==5357==    by 0x54D016: ??? (in /usr/bin/python3.12)
==5357==    by 0x59DBE0: ??? (in /usr/bin/python3.12)
==5357==    by 0x599512: ??? (in /usr/bin/python3.12)
==5357==    by 0x662B1FC: pybind11_meta_call (class.h:188)
==5357==    by 0x5492F4: _PyObject_MakeTpCall (in /usr/bin/python3.12)
==5357== 
==5357== 181 bytes in 5 blocks are still reachable in loss record 12 of 32
==5357==    at 0x4846828: malloc (in /usr/libexec/valgrind/vgpreload_memcheck-amd64-linux.so)
==5357==    by 0x4028ABF: malloc (rtld-malloc.h:56)
==5357==    by 0x4028ABF: strdup (strdup.c:42)
==5357==    by 0x4016A95: _dl_load_cache_lookup (dl-cache.c:515)
==5357==    by 0x40097CA: _dl_map_object (dl-load.c:2135)
==5357==    by 0x4002A2C: openaux (dl-deps.c:64)
==5357==    by 0x400151B: _dl_catch_exception (dl-catch.c:237)
==5357==    by 0x4002E66: _dl_map_object_deps (dl-deps.c:232)
==5357==    by 0x400D944: dl_open_worker_begin (dl-open.c:638)
==5357==    by 0x400151B: _dl_catch_exception (dl-catch.c:237)
==5357==    by 0x400CD1F: dl_open_worker (dl-open.c:803)
==5357==    by 0x400151B: _dl_catch_exception (dl-catch.c:237)
==5357==    by 0x400D163: _dl_open (dl-open.c:905)
==5357== 
==5357== 181 bytes in 5 blocks are still reachable in loss record 13 of 32
==5357==    at 0x4846828: malloc (in /usr/libexec/valgrind/vgpreload_memcheck-amd64-linux.so)
==5357==    by 0x400CA68: malloc (rtld-malloc.h:56)
==5357==    by 0x400CA68: _dl_new_object (dl-object.c:199)
==5357==    by 0x4007ABE: _dl_map_object_from_fd (dl-load.c:1053)
==5357==    by 0x4009528: _dl_map_object (dl-load.c:2268)
==5357==    by 0x4002A2C: openaux (dl-deps.c:64)
==5357==    by 0x400151B: _dl_catch_exception (dl-catch.c:237)
==5357==    by 0x4002E66: _dl_map_object_deps (dl-deps.c:232)
==5357==    by 0x400D944: dl_open_worker_begin (dl-open.c:638)
==5357==    by 0x400151B: _dl_catch_exception (dl-catch.c:237)
==5357==    by 0x400CD1F: dl_open_worker (dl-open.c:803)
==5357==    by 0x400151B: _dl_catch_exception (dl-catch.c:237)
==5357==    by 0x400D163: _dl_open (dl-open.c:905)
==5357== 
==5357== 360 bytes in 5 blocks are still reachable in loss record 14 of 32
==5357==    at 0x4846828: malloc (in /usr/libexec/valgrind/vgpreload_memcheck-amd64-linux.so)
==5357==    by 0x4028ABF: malloc (rtld-malloc.h:56)
==5357==    by 0x4028ABF: strdup (strdup.c:42)
==5357==    by 0x400948D: _dl_map_object (dl-load.c:2201)
==5357==    by 0x400D8DB: dl_open_worker_begin (dl-open.c:578)
==5357==    by 0x400151B: _dl_catch_exception (dl-catch.c:237)
==5357==    by 0x400CD1F: dl_open_worker (dl-open.c:803)
==5357==    by 0x400151B: _dl_catch_exception (dl-catch.c:237)
==5357==    by 0x400D163: _dl_open (dl-open.c:905)
==5357==    by 0x4A2A1A3: dlopen_doit (dlopen.c:56)
==5357==    by 0x400151B: _dl_catch_exception (dl-catch.c:237)
==5357==    by 0x4001668: _dl_catch_error (dl-catch.c:256)
==5357==    by 0x4A29C82: _dlerror_run (dlerror.c:138)
==5357== 
==5357== 360 bytes in 5 blocks are still reachable in loss record 15 of 32
==5357==    at 0x4846828: malloc (in /usr/libexec/valgrind/vgpreload_memcheck-amd64-linux.so)
==5357==    by 0x400CA68: malloc (rtld-malloc.h:56)
==5357==    by 0x400CA68: _dl_new_object (dl-object.c:199)
==5357==    by 0x4007ABE: _dl_map_object_from_fd (dl-load.c:1053)
==5357==    by 0x4009528: _dl_map_object (dl-load.c:2268)
==5357==    by 0x400D8DB: dl_open_worker_begin (dl-open.c:578)
==5357==    by 0x400151B: _dl_catch_exception (dl-catch.c:237)
==5357==    by 0x400CD1F: dl_open_worker (dl-open.c:803)
==5357==    by 0x400151B: _dl_catch_exception (dl-catch.c:237)
==5357==    by 0x400D163: _dl_open (dl-open.c:905)
==5357==    by 0x4A2A1A3: dlopen_doit (dlopen.c:56)
==5357==    by 0x400151B: _dl_catch_exception (dl-catch.c:237)
==5357==    by 0x4001668: _dl_catch_error (dl-catch.c:256)
==5357== 
==5357== 512 bytes in 1 blocks are still reachable in loss record 16 of 32
==5357==    at 0x4846FA3: operator new(unsigned long) (in /usr/libexec/valgrind/vgpreload_memcheck-amd64-linux.so)
==5357==    by 0x6619BD2: pybind11::detail::get_internals() (internals.h:640)
==5357==    by 0x660891F: PyInit__nx_cpp (_core.cpp:693)
==5357==    by 0x6A8B30: ??? (in /usr/bin/python3.12)
==5357==    by 0x6A8281: ??? (in /usr/bin/python3.12)
==5357==    by 0x581B06: ??? (in /usr/bin/python3.12)
==5357==    by 0x5DAA8F: _PyEval_EvalFrameDefault (in /usr/bin/python3.12)
==5357==    by 0x54A0C6: ??? (in /usr/bin/python3.12)
==5357==    by 0x54B952: PyObject_CallMethodObjArgs (in /usr/bin/python3.12)
==5357==    by 0x5FD194: PyImport_ImportModuleLevelObject (in /usr/bin/python3.12)
==5357==    by 0x5DB97F: _PyEval_EvalFrameDefault (in /usr/bin/python3.12)
==5357==    by 0x5D4DAA: PyEval_EvalCode (in /usr/bin/python3.12)
==5357== 
==5357== 768 bytes in 1 blocks are still reachable in loss record 17 of 32
==5357==    at 0x484DB80: realloc (in /usr/libexec/valgrind/vgpreload_memcheck-amd64-linux.so)
==5357==    by 0x586C5C: ??? (in /usr/bin/python3.12)
==5357==    by 0x5866E2: PyObject_Malloc (in /usr/bin/python3.12)
==5357==    by 0x61B691: _PyObject_GC_New (in /usr/bin/python3.12)
==5357==    by 0x571E29: PyDict_New (in /usr/bin/python3.12)
==5357==    by 0x67A3CE: ??? (in /usr/bin/python3.12)
==5357==    by 0x6AF9E4: ??? (in /usr/bin/python3.12)
==5357==    by 0x6AF5D9: ??? (in /usr/bin/python3.12)
==5357==    by 0x6AF350: Py_InitializeFromConfig (in /usr/bin/python3.12)
==5357==    by 0x6BBB14: ??? (in /usr/bin/python3.12)
==5357==    by 0x6BBA44: ??? (in /usr/bin/python3.12)
==5357==    by 0x6BBA2C: Py_BytesMain (in /usr/bin/python3.12)
==5357== 
==5357== 768 bytes in 1 blocks are still reachable in loss record 18 of 32
==5357==    at 0x4846828: malloc (in /usr/libexec/valgrind/vgpreload_memcheck-amd64-linux.so)
==5357==    by 0x586716: PyObject_Malloc (in /usr/bin/python3.12)
==5357==    by 0x573603: ??? (in /usr/bin/python3.12)
==5357==    by 0x573F92: PyDict_SetDefault (in /usr/bin/python3.12)
==5357==    by 0x594D7B: ??? (in /usr/bin/python3.12)
==5357==    by 0x605E53: PyModule_AddType (in /usr/bin/python3.12)
==5357==    by 0x6BE3AE: PyInit__datetime (in /usr/bin/python3.12)
==5357==    by 0x5FCC5B: ??? (in /usr/bin/python3.12)
==5357==    by 0x581981: ??? (in /usr/bin/python3.12)
==5357==    by 0x5DAA8F: _PyEval_EvalFrameDefault (in /usr/bin/python3.12)
==5357==    by 0x54A0C6: ??? (in /usr/bin/python3.12)
==5357==    by 0x54B952: PyObject_CallMethodObjArgs (in /usr/bin/python3.12)
==5357== 
==5357== 768 bytes in 1 blocks are still reachable in loss record 19 of 32
==5357==    at 0x4846828: malloc (in /usr/libexec/valgrind/vgpreload_memcheck-amd64-linux.so)
==5357==    by 0x586716: PyObject_Malloc (in /usr/bin/python3.12)
==5357==    by 0x573603: ??? (in /usr/bin/python3.12)
==5357==    by 0x57309A: ??? (in /usr/bin/python3.12)
==5357==    by 0x593C81: ??? (in /usr/bin/python3.12)
==5357==    by 0x605E53: PyModule_AddType (in /usr/bin/python3.12)
==5357==    by 0x6BE3AE: PyInit__datetime (in /usr/bin/python3.12)
==5357==    by 0x5FCC5B: ??? (in /usr/bin/python3.12)
==5357==    by 0x581981: ??? (in /usr/bin/python3.12)
==5357==    by 0x5DAA8F: _PyEval_EvalFrameDefault (in /usr/bin/python3.12)
==5357==    by 0x54A0C6: ??? (in /usr/bin/python3.12)
==5357==    by 0x54B952: PyObject_CallMethodObjArgs (in /usr/bin/python3.12)
==5357== 
==5357== 768 bytes in 1 blocks are still reachable in loss record 20 of 32
==5357==    at 0x4846828: malloc (in /usr/libexec/valgrind/vgpreload_memcheck-amd64-linux.so)
==5357==    by 0x586716: PyObject_Malloc (in /usr/bin/python3.12)
==5357==    by 0x574326: ??? (in /usr/bin/python3.12)
==5357==    by 0x5944BB: ??? (in /usr/bin/python3.12)
==5357==    by 0x661D286: pybind11::detail::make_static_property_type() (class.h:97)
==5357==    by 0x661D66F: pybind11::detail::internals::internals() (internals.h:270)
==5357==    by 0x6619BDD: pybind11::detail::get_internals() (internals.h:640)
==5357==    by 0x660891F: PyInit__nx_cpp (_core.cpp:693)
==5357==    by 0x6A8B30: ??? (in /usr/bin/python3.12)
==5357==    by 0x6A8281: ??? (in /usr/bin/python3.12)
==5357==    by 0x581B06: ??? (in /usr/bin/python3.12)
==5357==    by 0x5DAA8F: _PyEval_EvalFrameDefault (in /usr/bin/python3.12)
==5357== 
==5357== 976 bytes in 1 blocks are still reachable in loss record 21 of 32
==5357==    at 0x4846828: malloc (in /usr/libexec/valgrind/vgpreload_memcheck-amd64-linux.so)
==5357==    by 0x586716: PyObject_Malloc (in /usr/bin/python3.12)
==5357==    by 0x59750B: PyType_GenericAlloc (in /usr/bin/python3.12)
==5357==    by 0x661D1C1: pybind11::detail::make_static_property_type() (class.h:74)
==5357==    by 0x661D66F: pybind11::detail::internals::internals() (internals.h:270)
==5357==    by 0x6619BDD: pybind11::detail::get_internals() (internals.h:640)
==5357==    by 0x660891F: PyInit__nx_cpp (_core.cpp:693)
==5357==    by 0x6A8B30: ??? (in /usr/bin/python3.12)
==5357==    by 0x6A8281: ??? (in /usr/bin/python3.12)
==5357==    by 0x581B06: ??? (in /usr/bin/python3.12)
==5357==    by 0x5DAA8F: _PyEval_EvalFrameDefault (in /usr/bin/python3.12)
==5357==    by 0x54A0C6: ??? (in /usr/bin/python3.12)
==5357== 
==5357== 976 bytes in 1 blocks are still reachable in loss record 22 of 32
==5357==    at 0x4846828: malloc (in /usr/libexec/valgrind/vgpreload_memcheck-amd64-linux.so)
==5357==    by 0x586716: PyObject_Malloc (in /usr/bin/python3.12)
==5357==    by 0x59750B: PyType_GenericAlloc (in /usr/bin/python3.12)
==5357==    by 0x661D69B: make_default_metaclass (class.h:259)
==5357==    by 0x661D69B: pybind11::detail::internals::internals() (internals.h:271)
==5357==    by 0x6619BDD: pybind11::detail::get_internals() (internals.h:640)
==5357==    by 0x660891F: PyInit__nx_cpp (_core.cpp:693)
==5357==    by 0x6A8B30: ??? (in /usr/bin/python3.12)
==5357==    by 0x6A8281: ??? (in /usr/bin/python3.12)
==5357==    by 0x581B06: ??? (in /usr/bin/python3.12)
==5357==    by 0x5DAA8F: _PyEval_EvalFrameDefault (in /usr/bin/python3.12)
==5357==    by 0x54A0C6: ??? (in /usr/bin/python3.12)
==5357==    by 0x54B952: PyObject_CallMethodObjArgs (in /usr/bin/python3.12)
==5357== 
==5357== 976 bytes in 1 blocks are still reachable in loss record 23 of 32
==5357==    at 0x4846828: malloc (in /usr/libexec/valgrind/vgpreload_memcheck-amd64-linux.so)
==5357==    by 0x586716: PyObject_Malloc (in /usr/bin/python3.12)
==5357==    by 0x59750B: PyType_GenericAlloc (in /usr/bin/python3.12)
==5357==    by 0x661980D: pybind11::detail::make_object_base_type(_typeobject*) (class.h:520)
==5357==    by 0x6619D43: pybind11::detail::get_internals() (internals.h:645)
==5357==    by 0x660891F: PyInit__nx_cpp (_core.cpp:693)
==5357==    by 0x6A8B30: ??? (in /usr/bin/python3.12)
==5357==    by 0x6A8281: ??? (in /usr/bin/python3.12)
==5357==    by 0x581B06: ??? (in /usr/bin/python3.12)
==5357==    by 0x5DAA8F: _PyEval_EvalFrameDefault (in /usr/bin/python3.12)
==5357==    by 0x54A0C6: ??? (in /usr/bin/python3.12)
==5357==    by 0x54B952: PyObject_CallMethodObjArgs (in /usr/bin/python3.12)
==5357== 
==5357== 976 bytes in 1 blocks are still reachable in loss record 24 of 32
==5357==    at 0x4846828: malloc (in /usr/libexec/valgrind/vgpreload_memcheck-amd64-linux.so)
==5357==    by 0x586716: PyObject_Malloc (in /usr/bin/python3.12)
==5357==    by 0x597978: ??? (in /usr/bin/python3.12)
==5357==    by 0x66229C3: get_function_record_PyTypeObject (function_record_pyobject.h:96)
==5357==    by 0x66229C3: function_record_PyObject_New (function_record_pyobject.h:134)
==5357==    by 0x66229C3: pybind11::cpp_function::initialize_generic(std::unique_ptr<pybind11::detail::function_record, pybind11::cpp_function::InitializingFunctionRecordDeleter>&&, char const*, std::type_info const* const*, unsigned long) (pybind11.h:634)
==5357==    by 0x660D04A: initialize<pybind11::object (*&)(pybind11::handle, const pybind11::bytes&, const pybind11::capsule&, const pybind11::bytes&), pybind11::object, pybind11::handle, const pybind11::bytes&, const pybind11::capsule&, const pybind11::bytes&, pybind11::name, pybind11::is_method, pybind11::sibling> (pybind11.h:490)
==5357==    by 0x660D04A: cpp_function<pybind11::object, pybind11::handle, const pybind11::bytes&, const pybind11::capsule&, const pybind11::bytes&, pybind11::name, pybind11::is_method, pybind11::sibling> (pybind11.h:265)
==5357==    by 0x660D04A: def<pybind11::object (&)(pybind11::handle, const pybind11::bytes&, const pybind11::capsule&, const pybind11::bytes&)> (pybind11.h:2161)
==5357==    by 0x660D04A: class_<> (pybind11.h:2146)
==5357==    by 0x660D04A: pybind11_init__nx_cpp(pybind11::module_&) (_core.cpp:694)
==5357==    by 0x660FA54: pybind11_exec__nx_cpp(_object*) (_core.cpp:693)
==5357==    by 0x58263E: PyModule_ExecDef (in /usr/bin/python3.12)
==5357==    by 0x5FCD23: ??? (in /usr/bin/python3.12)
==5357==    by 0x581981: ??? (in /usr/bin/python3.12)
==5357==    by 0x5DAA8F: _PyEval_EvalFrameDefault (in /usr/bin/python3.12)
==5357==    by 0x54A0C6: ??? (in /usr/bin/python3.12)
==5357==    by 0x54B952: PyObject_CallMethodObjArgs (in /usr/bin/python3.12)
==5357== 
==5357== 2,288 bytes in 2 blocks are still reachable in loss record 25 of 32
==5357==    at 0x4846828: malloc (in /usr/libexec/valgrind/vgpreload_memcheck-amd64-linux.so)
==5357==    by 0x586716: PyObject_Malloc (in /usr/bin/python3.12)
==5357==    by 0x573603: ??? (in /usr/bin/python3.12)
==5357==    by 0x573F92: PyDict_SetDefault (in /usr/bin/python3.12)
==5357==    by 0x593DA8: ??? (in /usr/bin/python3.12)
==5357==    by 0x605E53: PyModule_AddType (in /usr/bin/python3.12)
==5357==    by 0x6BE3AE: PyInit__datetime (in /usr/bin/python3.12)
==5357==    by 0x5FCC5B: ??? (in /usr/bin/python3.12)
==5357==    by 0x581981: ??? (in /usr/bin/python3.12)
==5357==    by 0x5DAA8F: _PyEval_EvalFrameDefault (in /usr/bin/python3.12)
==5357==    by 0x54A0C6: ??? (in /usr/bin/python3.12)
==5357==    by 0x54B952: PyObject_CallMethodObjArgs (in /usr/bin/python3.12)
==5357== 
==5357== 4,064 bytes in 1 blocks are still reachable in loss record 26 of 32
==5357==    at 0x484D953: calloc (in /usr/libexec/valgrind/vgpreload_memcheck-amd64-linux.so)
==5357==    by 0x400AD95: calloc (rtld-malloc.h:44)
==5357==    by 0x400AD95: do_lookup_unique (dl-lookup.c:271)
==5357==    by 0x400AD95: do_lookup_x (dl-lookup.c:504)
==5357==    by 0x400B1FB: _dl_lookup_symbol_x (dl-lookup.c:792)
==5357==    by 0x400FAE2: resolve_map (dl-reloc.c:190)
==5357==    by 0x400FAE2: elf_machine_rela (dl-machine.h:285)
==5357==    by 0x400FAE2: elf_dynamic_do_Rela (do-rel.h:147)
==5357==    by 0x400FAE2: _dl_relocate_object (dl-reloc.c:301)
==5357==    by 0x400DB15: _dl_open_relocate_one_object (dl-open.c:478)
==5357==    by 0x400DB15: dl_open_worker_begin (dl-open.c:723)
==5357==    by 0x400151B: _dl_catch_exception (dl-catch.c:237)
==5357==    by 0x400CD1F: dl_open_worker (dl-open.c:803)
==5357==    by 0x400151B: _dl_catch_exception (dl-catch.c:237)
==5357==    by 0x400D163: _dl_open (dl-open.c:905)
==5357==    by 0x4A2A1A3: dlopen_doit (dlopen.c:56)
==5357==    by 0x400151B: _dl_catch_exception (dl-catch.c:237)
==5357==    by 0x4001668: _dl_catch_error (dl-catch.c:256)
==5357== 
==5357== 4,200 bytes in 9 blocks are still reachable in loss record 27 of 32
==5357==    at 0x484D953: calloc (in /usr/libexec/valgrind/vgpreload_memcheck-amd64-linux.so)
==5357==    by 0x401622F: calloc (rtld-malloc.h:44)
==5357==    by 0x401622F: _dl_check_map_versions (dl-version.c:280)
==5357==    by 0x400DC7C: dl_open_worker_begin (dl-open.c:646)
==5357==    by 0x400151B: _dl_catch_exception (dl-catch.c:237)
==5357==    by 0x400CD1F: dl_open_worker (dl-open.c:803)
==5357==    by 0x400151B: _dl_catch_exception (dl-catch.c:237)
==5357==    by 0x400D163: _dl_open (dl-open.c:905)
==5357==    by 0x4A2A1A3: dlopen_doit (dlopen.c:56)
==5357==    by 0x400151B: _dl_catch_exception (dl-catch.c:237)
==5357==    by 0x4001668: _dl_catch_error (dl-catch.c:256)
==5357==    by 0x4A29C82: _dlerror_run (dlerror.c:138)
==5357==    by 0x4A2A25E: dlopen_implementation (dlopen.c:71)
==5357==    by 0x4A2A25E: dlopen@@GLIBC_2.34 (dlopen.c:81)
==5357== 
==5357== 6,271 bytes in 5 blocks are still reachable in loss record 28 of 32
==5357==    at 0x484D953: calloc (in /usr/libexec/valgrind/vgpreload_memcheck-amd64-linux.so)
==5357==    by 0x400C72C: calloc (rtld-malloc.h:44)
==5357==    by 0x400C72C: _dl_new_object (dl-object.c:92)
==5357==    by 0x4007ABE: _dl_map_object_from_fd (dl-load.c:1053)
==5357==    by 0x4009528: _dl_map_object (dl-load.c:2268)
==5357==    by 0x4002A2C: openaux (dl-deps.c:64)
==5357==    by 0x400151B: _dl_catch_exception (dl-catch.c:237)
==5357==    by 0x4002E66: _dl_map_object_deps (dl-deps.c:232)
==5357==    by 0x400D944: dl_open_worker_begin (dl-open.c:638)
==5357==    by 0x400151B: _dl_catch_exception (dl-catch.c:237)
==5357==    by 0x400CD1F: dl_open_worker (dl-open.c:803)
==5357==    by 0x400151B: _dl_catch_exception (dl-catch.c:237)
==5357==    by 0x400D163: _dl_open (dl-open.c:905)
==5357== 
==5357== 6,560 bytes in 5 blocks are still reachable in loss record 29 of 32
==5357==    at 0x484D953: calloc (in /usr/libexec/valgrind/vgpreload_memcheck-amd64-linux.so)
==5357==    by 0x400C72C: calloc (rtld-malloc.h:44)
==5357==    by 0x400C72C: _dl_new_object (dl-object.c:92)
==5357==    by 0x4007ABE: _dl_map_object_from_fd (dl-load.c:1053)
==5357==    by 0x4009528: _dl_map_object (dl-load.c:2268)
==5357==    by 0x400D8DB: dl_open_worker_begin (dl-open.c:578)
==5357==    by 0x400151B: _dl_catch_exception (dl-catch.c:237)
==5357==    by 0x400CD1F: dl_open_worker (dl-open.c:803)
==5357==    by 0x400151B: _dl_catch_exception (dl-catch.c:237)
==5357==    by 0x400D163: _dl_open (dl-open.c:905)
==5357==    by 0x4A2A1A3: dlopen_doit (dlopen.c:56)
==5357==    by 0x400151B: _dl_catch_exception (dl-catch.c:237)
==5357==    by 0x4001668: _dl_catch_error (dl-catch.c:256)
==5357== 
==5357== 73,728 bytes in 1 blocks are still reachable in loss record 30 of 32
==5357==    at 0x4846828: malloc (in /usr/libexec/valgrind/vgpreload_memcheck-amd64-linux.so)
==5357==    by 0x66F638E: ??? (in /usr/lib/x86_64-linux-gnu/libstdc++.so.6.0.33)
==5357==    by 0x400571E: call_init.part.0 (dl-init.c:74)
==5357==    by 0x4005823: call_init (dl-init.c:120)
==5357==    by 0x4005823: _dl_init (dl-init.c:121)
==5357==    by 0x40015B1: _dl_catch_exception (dl-catch.c:211)
==5357==    by 0x400CD7B: dl_open_worker (dl-open.c:829)
==5357==    by 0x400CD7B: dl_open_worker (dl-open.c:792)
==5357==    by 0x400151B: _dl_catch_exception (dl-catch.c:237)
==5357==    by 0x400D163: _dl_open (dl-open.c:905)
==5357==    by 0x4A2A1A3: dlopen_doit (dlopen.c:56)
==5357==    by 0x400151B: _dl_catch_exception (dl-catch.c:237)
==5357==    by 0x4001668: _dl_catch_error (dl-catch.c:256)
==5357==    by 0x4A29C82: _dlerror_run (dlerror.c:138)
==5357== 
==5357== 131,072 bytes in 1 blocks are still reachable in loss record 31 of 32
==5357==    at 0x484D953: calloc (in /usr/libexec/valgrind/vgpreload_memcheck-amd64-linux.so)
==5357==    by 0x674C56: ??? (in /usr/bin/python3.12)
==5357==    by 0x586B2D: ??? (in /usr/bin/python3.12)
==5357==    by 0x5866E2: PyObject_Malloc (in /usr/bin/python3.12)
==5357==    by 0x61B691: _PyObject_GC_New (in /usr/bin/python3.12)
==5357==    by 0x571E29: PyDict_New (in /usr/bin/python3.12)
==5357==    by 0x67A3CE: ??? (in /usr/bin/python3.12)
==5357==    by 0x6AF9E4: ??? (in /usr/bin/python3.12)
==5357==    by 0x6AF5D9: ??? (in /usr/bin/python3.12)
==5357==    by 0x6AF350: Py_InitializeFromConfig (in /usr/bin/python3.12)
==5357==    by 0x6BBB14: ??? (in /usr/bin/python3.12)
==5357==    by 0x6BBA44: ??? (in /usr/bin/python3.12)
==5357== 
==5357== 262,144 bytes in 1 blocks are still reachable in loss record 32 of 32
==5357==    at 0x484D953: calloc (in /usr/libexec/valgrind/vgpreload_memcheck-amd64-linux.so)
==5357==    by 0x674BD4: ??? (in /usr/bin/python3.12)
==5357==    by 0x586B2D: ??? (in /usr/bin/python3.12)
==5357==    by 0x5866E2: PyObject_Malloc (in /usr/bin/python3.12)
==5357==    by 0x61B691: _PyObject_GC_New (in /usr/bin/python3.12)
==5357==    by 0x571E29: PyDict_New (in /usr/bin/python3.12)
==5357==    by 0x67A3CE: ??? (in /usr/bin/python3.12)
==5357==    by 0x6AF9E4: ??? (in /usr/bin/python3.12)
==5357==    by 0x6AF5D9: ??? (in /usr/bin/python3.12)
==5357==    by 0x6AF350: Py_InitializeFromConfig (in /usr/bin/python3.12)
==5357==    by 0x6BBB14: ??? (in /usr/bin/python3.12)
==5357==    by 0x6BBA44: ??? (in /usr/bin/python3.12)
==5357== 
==5357== LEAK SUMMARY:
==5357==    definitely lost: 0 bytes in 0 blocks
==5357==    indirectly lost: 0 bytes in 0 blocks
==5357==      possibly lost: 0 bytes in 0 blocks
==5357==    still reachable: 499,520 bytes in 65 blocks
==5357==         suppressed: 0 bytes in 0 blocks
==5357== 
==5357== For lists of detected and suppressed errors, rerun with: -s
==5357== ERROR SUMMARY: 0 errors from 0 contexts (suppressed: 0 from 0)
